<?xml version="1.0" encoding="UTF-8"?>
<robot generator="Robot 7.1 (Python 3.8.5 on win32)" generated="2025-05-17T14:17:51.837175" rpa="false" schemaversion="5">
<suite id="s1" name="My First Test" source="C:\Users\User\PycharmProjects\assignmentRobotFramework\my_first_test.robot">
<test id="s1-t1" name="Open Google and Verify" line="5">
<kw name="Open Browser" owner="SeleniumLibrary">
<msg time="2025-05-17T14:17:52.001854" level="INFO">Opening browser 'Chrome' to base url 'https://www.google.com'.</msg>
<arg>https://www.google.com</arg>
<arg>Chrome</arg>
<doc>Opens a new browser instance to the optional ``url``.</doc>
<status status="PASS" start="2025-05-17T14:17:52.001854" elapsed="1.955809"/>
</kw>
<kw name="Title Should Be" owner="SeleniumLibrary">
<msg time="2025-05-17T14:17:53.965638" level="INFO">Page title is 'Google'.</msg>
<arg>Google</arg>
<doc>Verifies that the current page title equals ``title``.</doc>
<status status="PASS" start="2025-05-17T14:17:53.957663" elapsed="0.007975"/>
</kw>
<kw name="Close Browser" owner="SeleniumLibrary">
<doc>Closes the current browser.</doc>
<status status="PASS" start="2025-05-17T14:17:53.965638" elapsed="2.134680"/>
</kw>
<status status="PASS" start="2025-05-17T14:17:52.000838" elapsed="4.100514"/>
</test>
<status status="PASS" start="2025-05-17T14:17:51.839207" elapsed="4.265102"/>
</suite>
<statistics>
<total>
<stat pass="1" fail="0" skip="0">All Tests</stat>
</total>
<tag>
</tag>
<suite>
<stat pass="1" fail="0" skip="0" id="s1" name="My First Test">My First Test</stat>
</suite>
</statistics>
<errors>
</errors>
</robot>
