<?xml version="1.0" encoding="UTF-8"?>
<robot generator="Robot 7.2.2 (Python 3.12.6 on win32)" generated="2025-05-20T15:13:38.009307" rpa="false" schemaversion="5">
<suite id="s1" name="Test Product Search" source="C:\Users\User\PycharmProjects\assignmentRobotFramework\tests\test_product_search.robot">
<kw name="Open Browser To Home Page" owner="common" type="SETUP">
<kw name="Open Browser" owner="SeleniumLibrary">
<msg time="2025-05-20T15:13:39.392208" level="INFO">Opening browser 'Chrome' to base url 'https://practicesoftwaretesting.com'.</msg>
<msg time="2025-05-20T15:15:04.771770" level="WARN">Exception managing chrome: error sending request for url (https://googlechromelabs.github.io/chrome-for-testing/known-good-versions-with-downloads.json)</msg>
<arg>${BASE_URL}</arg>
<arg>${BROWSER}</arg>
<doc>Opens a new browser instance to the optional ``url``.</doc>
<status status="PASS" start="2025-05-20T15:13:39.391211" elapsed="91.121342"/>
</kw>
<kw name="Maximize Browser Window" owner="SeleniumLibrary">
<doc>Maximizes current browser window.</doc>
<status status="PASS" start="2025-05-20T15:15:10.514562" elapsed="0.125196"/>
</kw>
<kw name="Set Selenium Speed" owner="SeleniumLibrary">
<arg>${DELAY}</arg>
<doc>Sets the delay that is waited after each Selenium command.</doc>
<status status="PASS" start="2025-05-20T15:15:10.640631" elapsed="0.001288"/>
</kw>
<status status="PASS" start="2025-05-20T15:13:39.390212" elapsed="91.252212"/>
</kw>
<test id="s1-t1" name="Search for a product By Image and Visual Check" line="17">
<kw name="Enter Search Query By Image" owner="search_page">
<kw name="Set Reference Folder" owner="ImageHorizonLibrary">
<arg>${IMAGE_DIR}</arg>
<doc>Sets where all reference images are stored.</doc>
<status status="PASS" start="2025-05-20T15:15:10.648415" elapsed="0.003023"/>
</kw>
<kw name="Scroll To Reveal Element" owner="search_page">
<kw name="Set Variable" owner="BuiltIn">
<msg time="2025-05-20T15:15:10.654401" level="INFO">${MAX_ATTEMPTS} = 3</msg>
<var>${MAX_ATTEMPTS}</var>
<arg>3</arg>
<doc>Returns the given values which can then be assigned to a variables.</doc>
<status status="PASS" start="2025-05-20T15:15:10.654401" elapsed="0.000997"/>
</kw>
<kw name="Set Variable" owner="BuiltIn">
<msg time="2025-05-20T15:15:10.656399" level="INFO">${SCROLL_PIXELS} = 400</msg>
<var>${SCROLL_PIXELS}</var>
<arg>400</arg>
<doc>Returns the given values which can then be assigned to a variables.</doc>
<status status="PASS" start="2025-05-20T15:15:10.655641" elapsed="0.000758"/>
</kw>
<for flavor="IN RANGE">
<iter>
<kw name="Run Keyword And Return Status" owner="BuiltIn">
<kw name="Wait For" owner="ImageHorizonLibrary">
<msg time="2025-05-20T15:15:27.291359" level="FAIL">ImageNotFoundException</msg>
<arg>${image_name}</arg>
<arg>timeout=3</arg>
<doc>Tries to locate given image from the screen for given time.</doc>
<status status="FAIL" start="2025-05-20T15:15:10.659385" elapsed="16.641947">ImageNotFoundException</status>
</kw>
<msg time="2025-05-20T15:15:27.301332" level="INFO">${found} = False</msg>
<var>${found}</var>
<arg>Wait For</arg>
<arg>${image_name}</arg>
<arg>timeout=3</arg>
<doc>Runs the given keyword with given arguments and returns the status as a Boolean value.</doc>
<status status="PASS" start="2025-05-20T15:15:10.658396" elapsed="16.642936"/>
</kw>
<kw name="Return From Keyword If" owner="BuiltIn">
<arg>${found}</arg>
<doc>Returns from the enclosing user keyword if ``condition`` is true.</doc>
<status status="PASS" start="2025-05-20T15:15:27.302329" elapsed="0.000000"/>
</kw>
<kw name="Execute Javascript" owner="SeleniumLibrary">
<msg time="2025-05-20T15:15:27.303328" level="INFO">Executing JavaScript:
window.scrollBy(0, 400)
Without any arguments.</msg>
<arg>window.scrollBy(0, ${SCROLL_PIXELS})</arg>
<doc>Executes the given JavaScript code with possible arguments.</doc>
<status status="PASS" start="2025-05-20T15:15:27.302329" elapsed="2.015423"/>
</kw>
<kw name="Sleep" owner="BuiltIn">
<msg time="2025-05-20T15:15:30.320638" level="INFO">Slept 1 second.</msg>
<arg>1s</arg>
<doc>Pauses the test executed for the given time.</doc>
<status status="PASS" start="2025-05-20T15:15:29.318744" elapsed="1.001894"/>
</kw>
<var name="${attempt}">0</var>
<status status="PASS" start="2025-05-20T15:15:10.658396" elapsed="19.663247"/>
</iter>
<iter>
<kw name="Run Keyword And Return Status" owner="BuiltIn">
<kw name="Wait For" owner="ImageHorizonLibrary">
<msg time="2025-05-20T15:15:49.894681" level="INFO">Image "inputsearch.png" found at (261, 613)</msg>
<arg>${image_name}</arg>
<arg>timeout=3</arg>
<doc>Tries to locate given image from the screen for given time.</doc>
<status status="PASS" start="2025-05-20T15:15:30.324668" elapsed="19.570013"/>
</kw>
<msg time="2025-05-20T15:15:49.895678" level="INFO">${found} = True</msg>
<var>${found}</var>
<arg>Wait For</arg>
<arg>${image_name}</arg>
<arg>timeout=3</arg>
<doc>Runs the given keyword with given arguments and returns the status as a Boolean value.</doc>
<status status="PASS" start="2025-05-20T15:15:30.323589" elapsed="19.572089"/>
</kw>
<kw name="Return From Keyword If" owner="BuiltIn">
<msg time="2025-05-20T15:15:49.895678" level="INFO">Returning from the enclosing user keyword.</msg>
<arg>${found}</arg>
<doc>Returns from the enclosing user keyword if ``condition`` is true.</doc>
<status status="PASS" start="2025-05-20T15:15:49.895678" elapsed="0.000000"/>
</kw>
<kw name="Execute Javascript" owner="SeleniumLibrary">
<arg>window.scrollBy(0, ${SCROLL_PIXELS})</arg>
<doc>Executes the given JavaScript code with possible arguments.</doc>
<status status="NOT RUN" start="2025-05-20T15:15:49.896691" elapsed="0.000000"/>
</kw>
<kw name="Sleep" owner="BuiltIn">
<arg>1s</arg>
<doc>Pauses the test executed for the given time.</doc>
<status status="NOT RUN" start="2025-05-20T15:15:49.896691" elapsed="0.000000"/>
</kw>
<var name="${attempt}">1</var>
<status status="PASS" start="2025-05-20T15:15:30.322635" elapsed="19.574056"/>
</iter>
<var>${attempt}</var>
<value>${MAX_ATTEMPTS}</value>
<status status="PASS" start="2025-05-20T15:15:10.657394" elapsed="39.240294"/>
</for>
<kw name="Fail" owner="BuiltIn">
<arg>Could not find ${image_name} after scrolling</arg>
<doc>Fails the test with the given message and optionally alters its tags.</doc>
<status status="NOT RUN" start="2025-05-20T15:15:49.897688" elapsed="0.000000"/>
</kw>
<arg>inputsearch.png</arg>
<status status="PASS" start="2025-05-20T15:15:10.652406" elapsed="39.245282"/>
</kw>
<kw name="Wait For" owner="ImageHorizonLibrary">
<msg time="2025-05-20T15:15:59.961122" level="INFO">Image "inputsearch.png" found at (261, 613)</msg>
<arg>inputsearch.png</arg>
<arg>timeout=6</arg>
<doc>Tries to locate given image from the screen for given time.</doc>
<status status="PASS" start="2025-05-20T15:15:49.897688" elapsed="10.063434"/>
</kw>
<kw name="Input Text" owner="SeleniumLibrary">
<msg time="2025-05-20T15:15:59.962119" level="INFO">Typing text 'saw' into text field 'xpath=//input[@data-test='search-query']'.</msg>
<arg>${SEARCH_INPUT}</arg>
<arg>${my_search}</arg>
<doc>Types the given ``text`` into the text field identified by ``locator``.</doc>
<status status="PASS" start="2025-05-20T15:15:59.961122" elapsed="6.392917"/>
</kw>
<arg>saw</arg>
<status status="PASS" start="2025-05-20T15:15:10.647418" elapsed="55.706621"/>
</kw>
<kw name="Click Search Button" owner="search_page">
<kw name="Click Element" owner="SeleniumLibrary">
<msg time="2025-05-20T15:16:06.358089" level="INFO">Clicking element 'xpath=//button[@data-test='search-submit']'.</msg>
<arg>${SEARCH_BUTTON}</arg>
<doc>Click the element identified by ``locator``.</doc>
<status status="PASS" start="2025-05-20T15:16:06.357095" elapsed="4.311994"/>
</kw>
<kw name="Wait Until Element Is Visible" owner="SeleniumLibrary">
<arg>${SEARCH_TITLE}</arg>
<arg>10s</arg>
<doc>Waits until the element ``locator`` is visible.</doc>
<status status="PASS" start="2025-05-20T15:16:10.670169" elapsed="4.083941"/>
</kw>
<status status="PASS" start="2025-05-20T15:16:06.356049" elapsed="8.398061"/>
</kw>
<kw name="Select Item" owner="search_page">
<kw name="Click Element" owner="SeleniumLibrary">
<msg time="2025-05-20T15:16:14.758112" level="INFO">Clicking element 'xpath=//h5[normalize-space()='Wood Saw']'.</msg>
<arg>${SELECTED_ITEM}</arg>
<doc>Click the element identified by ``locator``.</doc>
<status status="PASS" start="2025-05-20T15:16:14.757115" elapsed="4.225734"/>
</kw>
<status status="PASS" start="2025-05-20T15:16:14.756118" elapsed="4.226731"/>
</kw>
<kw name="AddToCart" owner="search_page">
<kw name="Wait Until Element Is Visible" owner="SeleniumLibrary">
<arg>${ADD_TO_CART_BUTTON}</arg>
<arg>5s</arg>
<doc>Waits until the element ``locator`` is visible.</doc>
<status status="PASS" start="2025-05-20T15:16:18.986792" elapsed="4.079251"/>
</kw>
<kw name="Click Element" owner="SeleniumLibrary">
<msg time="2025-05-20T15:16:23.068005" level="INFO">Clicking element 'xpath=//button[@id='btn-add-to-cart']'.</msg>
<arg>${ADD_TO_CART_BUTTON}</arg>
<doc>Click the element identified by ``locator``.</doc>
<status status="PASS" start="2025-05-20T15:16:23.067044" elapsed="4.209684"/>
</kw>
<status status="PASS" start="2025-05-20T15:16:18.984801" elapsed="8.292709"/>
</kw>
<kw name="VerifySuccessAlertMessageByImage" owner="search_page">
<kw name="Set Reference Folder" owner="ImageHorizonLibrary">
<arg>${IMAGE_DIR}</arg>
<doc>Sets where all reference images are stored.</doc>
<status status="PASS" start="2025-05-20T15:16:27.279496" elapsed="0.000000"/>
</kw>
<kw name="Wait Until Element Is Visible" owner="SeleniumLibrary">
<arg>xpath=//div[@role='alert']</arg>
<arg>20s</arg>
<doc>Waits until the element ``locator`` is visible.</doc>
<status status="PASS" start="2025-05-20T15:16:27.280498" elapsed="6.303108"/>
</kw>
<kw name="Capture Page Screenshot" owner="SeleniumLibrary">
<msg time="2025-05-20T15:16:36.050104" level="INFO" html="true">&lt;/td&gt;&lt;/tr&gt;&lt;tr&gt;&lt;td colspan="3"&gt;&lt;a href="toast_message.png"&gt;&lt;img src="toast_message.png" width="800px"&gt;&lt;/a&gt;</msg>
<arg>toast_message.png</arg>
<doc>Takes a screenshot of the current page and embeds it into a log file.</doc>
<status status="PASS" start="2025-05-20T15:16:33.584620" elapsed="2.465484"/>
</kw>
<status status="PASS" start="2025-05-20T15:16:27.278497" elapsed="8.772619"/>
</kw>
<tag>check_by_image</tag>
<status status="PASS" start="2025-05-20T15:15:10.642424" elapsed="85.409676"/>
</test>
<kw name="Run Keyword And Ignore Error" owner="BuiltIn" type="TEARDOWN">
<kw name="Close Browser" owner="common">
<kw name="Close Browser" owner="common">
<kw name="Close Browser" owner="common">
<kw name="Close Browser" owner="common">
<kw name="Close Browser" owner="common">
<kw name="Close Browser" owner="common">
<kw name="Close Browser" owner="common">
<kw name="Close Browser" owner="common">
<kw name="Close Browser" owner="common">
<kw name="Close Browser" owner="common">
<kw name="Close Browser" owner="common">
<kw name="Close Browser" owner="common">
<kw name="Close Browser" owner="common">
<kw name="Close Browser" owner="common">
<kw name="Close Browser" owner="common">
<kw name="Close Browser" owner="common">
<kw name="Close Browser" owner="common">
<kw name="Close Browser" owner="common">
<kw name="Close Browser" owner="common">
<kw name="Close Browser" owner="common">
<kw name="Close Browser" owner="common">
<kw name="Close Browser" owner="common">
<kw name="Close Browser" owner="common">
<kw name="Close Browser" owner="common">
<kw name="Close Browser" owner="common">
<kw name="Close Browser" owner="common">
<kw name="Close Browser" owner="common">
<kw name="Close Browser" owner="common">
<kw name="Close Browser" owner="common">
<kw name="Close Browser" owner="common">
<kw name="Close Browser" owner="common">
<kw name="Close Browser" owner="common">
<kw name="Close Browser" owner="common">
<kw name="Close Browser" owner="common">
<kw name="Close Browser" owner="common">
<kw name="Close Browser" owner="common">
<kw name="Close Browser" owner="common">
<kw name="Close Browser" owner="common">
<kw name="Close Browser" owner="common">
<kw name="Close Browser" owner="common">
<kw name="Close Browser" owner="common">
<kw name="Close Browser" owner="common">
<kw name="Close Browser" owner="common">
<kw name="Close Browser" owner="common">
<kw name="Close Browser" owner="common">
<kw name="Close Browser" owner="common">
<kw name="Close Browser" owner="common">
<kw name="Close Browser" owner="common">
<kw name="Close Browser" owner="common">
<kw name="Close Browser" owner="common">
<kw name="Close Browser" owner="common">
<kw name="Close Browser" owner="common">
<kw name="Close Browser" owner="common">
<kw name="Close Browser" owner="common">
<kw name="Close Browser" owner="common">
<kw name="Close Browser" owner="common">
<kw name="Close Browser" owner="common">
<kw name="Close Browser" owner="common">
<kw name="Close Browser" owner="common">
<kw name="Close Browser" owner="common">
<kw name="Close Browser" owner="common">
<kw name="Close Browser" owner="common">
<kw name="Close Browser" owner="common">
<kw name="Close Browser" owner="common">
<kw name="Close Browser" owner="common">
<kw name="Close Browser" owner="common">
<kw name="Close Browser" owner="common">
<kw name="Close Browser" owner="common">
<kw name="Close Browser" owner="common">
<kw name="Close Browser" owner="common">
<kw name="Close Browser" owner="common">
<kw name="Close Browser" owner="common">
<kw name="Close Browser" owner="common">
<kw name="Close Browser" owner="common">
<kw name="Close Browser" owner="common">
<kw name="Close Browser" owner="common">
<kw name="Close Browser" owner="common">
<kw name="Close Browser" owner="common">
<kw name="Close Browser" owner="common">
<kw name="Close Browser" owner="common">
<kw name="Close Browser" owner="common">
<kw name="Close Browser" owner="common">
<kw name="Close Browser" owner="common">
<kw name="Close Browser" owner="common">
<kw name="Close Browser" owner="common">
<kw name="Close Browser" owner="common">
<kw name="Close Browser" owner="common">
<kw name="Close Browser" owner="common">
<kw name="Close Browser" owner="common">
<kw name="Close Browser" owner="common">
<kw name="Close Browser" owner="common">
<kw name="Close Browser" owner="common">
<kw name="Close Browser" owner="common">
<kw name="Close Browser" owner="common">
<kw name="Close Browser" owner="common">
<kw name="Close Browser" owner="common">
<kw name="Close Browser" owner="common">
<kw name="Close Browser" owner="common">
<kw name="Close Browser" owner="common">
<kw name="Close Browser" owner="common">
<kw name="Close Browser" owner="common">
<kw name="Close Browser" owner="common">
<kw name="Close Browser" owner="common">
<kw name="Close Browser" owner="common">
<kw name="Close Browser" owner="common">
<kw name="Close Browser" owner="common">
<kw name="Close Browser" owner="common">
<kw name="Close Browser" owner="common">
<kw name="Close Browser" owner="common">
<kw name="Close Browser" owner="common">
<kw name="Close Browser" owner="common">
<kw name="Close Browser" owner="common">
<kw name="Close Browser" owner="common">
<kw name="Close Browser" owner="common">
<kw name="Close Browser" owner="common">
<kw name="Close Browser" owner="common">
<kw name="Close Browser" owner="common">
<kw name="Close Browser" owner="common">
<kw name="Close Browser" owner="common">
<kw name="Close Browser" owner="common">
<kw name="Close Browser" owner="common">
<kw name="Close Browser" owner="common">
<kw name="Close Browser" owner="common">
<kw name="Close Browser" owner="common">
<kw name="Close Browser" owner="common">
<kw name="Close Browser" owner="common">
<kw name="Close Browser" owner="common">
<kw name="Close Browser" owner="common">
<kw name="Close Browser" owner="common">
<kw name="Close Browser" owner="common">
<kw name="Close Browser" owner="common">
<kw name="Close Browser" owner="common">
<kw name="Close Browser" owner="common">
<kw name="Close Browser" owner="common">
<kw name="Close Browser" owner="common">
<kw name="Close Browser" owner="common">
<kw name="Close Browser" owner="common">
<kw name="Close Browser" owner="common">
<kw name="Close Browser" owner="common">
<kw name="Close Browser" owner="common">
<kw name="Close Browser" owner="common">
<kw name="Close Browser" owner="common">
<kw name="Close Browser" owner="common">
<kw name="Close Browser" owner="common">
<kw name="Close Browser" owner="common">
<kw name="Close Browser" owner="common">
<msg time="2025-05-20T15:16:36.227076" level="FAIL">Recursive execution stopped.</msg>
<status status="FAIL" start="2025-05-20T15:16:36.225085" elapsed="0.002442">Recursive execution stopped.</status>
</kw>
<status status="FAIL" start="2025-05-20T15:16:36.223088" elapsed="0.006933">Recursive execution stopped.</status>
</kw>
<status status="FAIL" start="2025-05-20T15:16:36.222099" elapsed="0.010620">Recursive execution stopped.</status>
</kw>
<status status="FAIL" start="2025-05-20T15:16:36.221093" elapsed="0.014374">Recursive execution stopped.</status>
</kw>
<status status="FAIL" start="2025-05-20T15:16:36.220044" elapsed="0.017717">Recursive execution stopped.</status>
</kw>
<status status="FAIL" start="2025-05-20T15:16:36.218093" elapsed="0.032630">Recursive execution stopped.</status>
</kw>
<status status="FAIL" start="2025-05-20T15:16:36.216060" elapsed="0.036636">Recursive execution stopped.</status>
</kw>
<status status="FAIL" start="2025-05-20T15:16:36.215108" elapsed="0.040612">Recursive execution stopped.</status>
</kw>
<status status="FAIL" start="2025-05-20T15:16:36.214068" elapsed="0.043643">Recursive execution stopped.</status>
</kw>
<status status="FAIL" start="2025-05-20T15:16:36.211477" elapsed="0.049221">Recursive execution stopped.</status>
</kw>
<status status="FAIL" start="2025-05-20T15:16:36.210479" elapsed="0.051173">Recursive execution stopped.</status>
</kw>
<status status="FAIL" start="2025-05-20T15:16:36.209487" elapsed="0.053788">Recursive execution stopped.</status>
</kw>
<status status="FAIL" start="2025-05-20T15:16:36.207487" elapsed="0.056787">Recursive execution stopped.</status>
</kw>
<status status="FAIL" start="2025-05-20T15:16:36.206489" elapsed="0.060254">Recursive execution stopped.</status>
</kw>
<status status="FAIL" start="2025-05-20T15:16:36.205494" elapsed="0.063804">Recursive execution stopped.</status>
</kw>
<status status="FAIL" start="2025-05-20T15:16:36.203453" elapsed="0.067844">Recursive execution stopped.</status>
</kw>
<status status="FAIL" start="2025-05-20T15:16:36.202446" elapsed="0.071802">Recursive execution stopped.</status>
</kw>
<status status="FAIL" start="2025-05-20T15:16:36.201634" elapsed="0.074665">Recursive execution stopped.</status>
</kw>
<status status="FAIL" start="2025-05-20T15:16:36.200155" elapsed="0.078115">Recursive execution stopped.</status>
</kw>
<status status="FAIL" start="2025-05-20T15:16:36.197688" elapsed="0.100558">Recursive execution stopped.</status>
</kw>
<status status="FAIL" start="2025-05-20T15:16:36.195694" elapsed="0.104446">Recursive execution stopped.</status>
</kw>
<status status="FAIL" start="2025-05-20T15:16:36.194697" elapsed="0.107893">Recursive execution stopped.</status>
</kw>
<status status="FAIL" start="2025-05-20T15:16:36.193652" elapsed="0.111821">Recursive execution stopped.</status>
</kw>
<status status="FAIL" start="2025-05-20T15:16:36.191712" elapsed="0.115756">Recursive execution stopped.</status>
</kw>
<status status="FAIL" start="2025-05-20T15:16:36.190707" elapsed="0.118764">Recursive execution stopped.</status>
</kw>
<status status="FAIL" start="2025-05-20T15:16:36.189709" elapsed="0.121756">Recursive execution stopped.</status>
</kw>
<status status="FAIL" start="2025-05-20T15:16:36.188712" elapsed="0.124739">Recursive execution stopped.</status>
</kw>
<status status="FAIL" start="2025-05-20T15:16:36.187341" elapsed="0.127108">Recursive execution stopped.</status>
</kw>
<status status="FAIL" start="2025-05-20T15:16:36.185736" elapsed="0.129710">Recursive execution stopped.</status>
</kw>
<status status="FAIL" start="2025-05-20T15:16:36.184682" elapsed="0.132759">Recursive execution stopped.</status>
</kw>
<status status="FAIL" start="2025-05-20T15:16:36.183677" elapsed="0.134762">Recursive execution stopped.</status>
</kw>
<status status="FAIL" start="2025-05-20T15:16:36.182038" elapsed="0.137690">Recursive execution stopped.</status>
</kw>
<status status="FAIL" start="2025-05-20T15:16:36.181039" elapsed="0.139394">Recursive execution stopped.</status>
</kw>
<status status="FAIL" start="2025-05-20T15:16:36.180041" elapsed="0.142387">Recursive execution stopped.</status>
</kw>
<status status="FAIL" start="2025-05-20T15:16:36.178041" elapsed="0.145384">Recursive execution stopped.</status>
</kw>
<status status="FAIL" start="2025-05-20T15:16:36.177044" elapsed="0.148376">Recursive execution stopped.</status>
</kw>
<status status="FAIL" start="2025-05-20T15:16:36.177044" elapsed="0.149373">Recursive execution stopped.</status>
</kw>
<status status="FAIL" start="2025-05-20T15:16:36.176048" elapsed="0.151371">Recursive execution stopped.</status>
</kw>
<status status="FAIL" start="2025-05-20T15:16:36.175050" elapsed="0.153360">Recursive execution stopped.</status>
</kw>
<status status="FAIL" start="2025-05-20T15:16:36.174014" elapsed="0.154396">Recursive execution stopped.</status>
</kw>
<status status="FAIL" start="2025-05-20T15:16:36.174014" elapsed="0.156391">Recursive execution stopped.</status>
</kw>
<status status="FAIL" start="2025-05-20T15:16:36.173056" elapsed="0.158346">Recursive execution stopped.</status>
</kw>
<status status="FAIL" start="2025-05-20T15:16:36.172059" elapsed="0.160525">Recursive execution stopped.</status>
</kw>
<status status="FAIL" start="2025-05-20T15:16:36.171058" elapsed="0.162531">Recursive execution stopped.</status>
</kw>
<status status="FAIL" start="2025-05-20T15:16:36.170036" elapsed="0.165546">Recursive execution stopped.</status>
</kw>
<status status="FAIL" start="2025-05-20T15:16:36.169414" elapsed="0.167201">Recursive execution stopped.</status>
</kw>
<status status="FAIL" start="2025-05-20T15:16:36.168031" elapsed="0.169580">Recursive execution stopped.</status>
</kw>
<status status="FAIL" start="2025-05-20T15:16:36.166029" elapsed="0.172578">Recursive execution stopped.</status>
</kw>
<status status="FAIL" start="2025-05-20T15:16:36.164041" elapsed="0.175569">Recursive execution stopped.</status>
</kw>
<status status="FAIL" start="2025-05-20T15:16:36.163045" elapsed="0.177559">Recursive execution stopped.</status>
</kw>
<status status="FAIL" start="2025-05-20T15:16:36.162456" elapsed="0.179144">Recursive execution stopped.</status>
</kw>
<status status="FAIL" start="2025-05-20T15:16:36.161461" elapsed="0.181141">Recursive execution stopped.</status>
</kw>
<status status="FAIL" start="2025-05-20T15:16:36.160905" elapsed="0.182656">Recursive execution stopped.</status>
</kw>
<status status="FAIL" start="2025-05-20T15:16:36.159467" elapsed="0.185127">Recursive execution stopped.</status>
</kw>
<status status="FAIL" start="2025-05-20T15:16:36.159467" elapsed="0.186121">Recursive execution stopped.</status>
</kw>
<status status="FAIL" start="2025-05-20T15:16:36.158478" elapsed="0.188111">Recursive execution stopped.</status>
</kw>
<status status="FAIL" start="2025-05-20T15:16:36.157478" elapsed="0.190110">Recursive execution stopped.</status>
</kw>
<status status="FAIL" start="2025-05-20T15:16:36.157478" elapsed="0.191113">Recursive execution stopped.</status>
</kw>
<status status="FAIL" start="2025-05-20T15:16:36.156477" elapsed="0.193068">Recursive execution stopped.</status>
</kw>
<status status="FAIL" start="2025-05-20T15:16:36.155480" elapsed="0.194065">Recursive execution stopped.</status>
</kw>
<status status="FAIL" start="2025-05-20T15:16:36.154482" elapsed="0.196060">Recursive execution stopped.</status>
</kw>
<status status="FAIL" start="2025-05-20T15:16:36.152397" elapsed="0.198145">Recursive execution stopped.</status>
</kw>
<status status="FAIL" start="2025-05-20T15:16:36.152397" elapsed="0.200182">Recursive execution stopped.</status>
</kw>
<status status="FAIL" start="2025-05-20T15:16:36.150402" elapsed="0.202742">Recursive execution stopped.</status>
</kw>
<status status="FAIL" start="2025-05-20T15:16:36.150402" elapsed="0.203783">Recursive execution stopped.</status>
</kw>
<status status="FAIL" start="2025-05-20T15:16:36.149405" elapsed="0.205775">Recursive execution stopped.</status>
</kw>
<status status="FAIL" start="2025-05-20T15:16:36.148457" elapsed="0.207721">Recursive execution stopped.</status>
</kw>
<status status="FAIL" start="2025-05-20T15:16:36.147459" elapsed="0.209718">Recursive execution stopped.</status>
</kw>
<status status="FAIL" start="2025-05-20T15:16:36.146458" elapsed="0.211716">Recursive execution stopped.</status>
</kw>
<status status="FAIL" start="2025-05-20T15:16:36.146458" elapsed="0.211716">Recursive execution stopped.</status>
</kw>
<status status="FAIL" start="2025-05-20T15:16:36.145463" elapsed="0.213704">Recursive execution stopped.</status>
</kw>
<status status="FAIL" start="2025-05-20T15:16:36.144429" elapsed="0.215738">Recursive execution stopped.</status>
</kw>
<status status="FAIL" start="2025-05-20T15:16:36.143421" elapsed="0.218058">Recursive execution stopped.</status>
</kw>
<status status="FAIL" start="2025-05-20T15:16:36.142477" elapsed="0.219683">Recursive execution stopped.</status>
</kw>
<status status="FAIL" start="2025-05-20T15:16:36.142477" elapsed="0.219683">Recursive execution stopped.</status>
</kw>
<status status="FAIL" start="2025-05-20T15:16:36.141471" elapsed="0.221683">Recursive execution stopped.</status>
</kw>
<status status="FAIL" start="2025-05-20T15:16:36.140482" elapsed="0.223868">Recursive execution stopped.</status>
</kw>
<status status="FAIL" start="2025-05-20T15:16:36.139482" elapsed="0.228807">Recursive execution stopped.</status>
</kw>
<status status="FAIL" start="2025-05-20T15:16:36.138481" elapsed="0.229808">Recursive execution stopped.</status>
</kw>
<status status="FAIL" start="2025-05-20T15:16:36.137483" elapsed="0.231847">Recursive execution stopped.</status>
</kw>
<status status="FAIL" start="2025-05-20T15:16:36.136444" elapsed="0.232886">Recursive execution stopped.</status>
</kw>
<status status="FAIL" start="2025-05-20T15:16:36.135448" elapsed="0.234878">Recursive execution stopped.</status>
</kw>
<status status="FAIL" start="2025-05-20T15:16:36.134450" elapsed="0.235876">Recursive execution stopped.</status>
</kw>
<status status="FAIL" start="2025-05-20T15:16:36.132180" elapsed="0.238146">Recursive execution stopped.</status>
</kw>
<status status="FAIL" start="2025-05-20T15:16:36.131182" elapsed="0.240141">Recursive execution stopped.</status>
</kw>
<status status="FAIL" start="2025-05-20T15:16:36.130185" elapsed="0.241138">Recursive execution stopped.</status>
</kw>
<status status="FAIL" start="2025-05-20T15:16:36.130185" elapsed="0.242141">Recursive execution stopped.</status>
</kw>
<status status="FAIL" start="2025-05-20T15:16:36.129188" elapsed="0.243138">Recursive execution stopped.</status>
</kw>
<status status="FAIL" start="2025-05-20T15:16:36.128190" elapsed="0.244136">Recursive execution stopped.</status>
</kw>
<status status="FAIL" start="2025-05-20T15:16:36.127193" elapsed="0.246109">Recursive execution stopped.</status>
</kw>
<status status="FAIL" start="2025-05-20T15:16:36.127193" elapsed="0.246109">Recursive execution stopped.</status>
</kw>
<status status="FAIL" start="2025-05-20T15:16:36.126195" elapsed="0.250119">Recursive execution stopped.</status>
</kw>
<status status="FAIL" start="2025-05-20T15:16:36.124202" elapsed="0.253108">Recursive execution stopped.</status>
</kw>
<status status="FAIL" start="2025-05-20T15:16:36.124202" elapsed="0.253389">Recursive execution stopped.</status>
</kw>
<status status="FAIL" start="2025-05-20T15:16:36.123204" elapsed="0.254387">Recursive execution stopped.</status>
</kw>
<status status="FAIL" start="2025-05-20T15:16:36.122208" elapsed="0.256095">Recursive execution stopped.</status>
</kw>
<status status="FAIL" start="2025-05-20T15:16:36.121211" elapsed="0.257092">Recursive execution stopped.</status>
</kw>
<status status="FAIL" start="2025-05-20T15:16:36.120256" elapsed="0.259056">Recursive execution stopped.</status>
</kw>
<status status="FAIL" start="2025-05-20T15:16:36.119223" elapsed="0.260089">Recursive execution stopped.</status>
</kw>
<status status="FAIL" start="2025-05-20T15:16:36.118224" elapsed="0.261088">Recursive execution stopped.</status>
</kw>
<status status="FAIL" start="2025-05-20T15:16:36.117226" elapsed="0.263083">Recursive execution stopped.</status>
</kw>
<status status="FAIL" start="2025-05-20T15:16:36.116226" elapsed="0.264083">Recursive execution stopped.</status>
</kw>
<status status="FAIL" start="2025-05-20T15:16:36.116226" elapsed="0.264083">Recursive execution stopped.</status>
</kw>
<status status="FAIL" start="2025-05-20T15:16:36.115267" elapsed="0.266035">Recursive execution stopped.</status>
</kw>
<status status="FAIL" start="2025-05-20T15:16:36.114272" elapsed="0.267030">Recursive execution stopped.</status>
</kw>
<status status="FAIL" start="2025-05-20T15:16:36.113232" elapsed="0.269018">Recursive execution stopped.</status>
</kw>
<status status="FAIL" start="2025-05-20T15:16:36.111640" elapsed="0.270610">Recursive execution stopped.</status>
</kw>
<status status="FAIL" start="2025-05-20T15:16:36.111161" elapsed="0.271089">Recursive execution stopped.</status>
</kw>
<status status="FAIL" start="2025-05-20T15:16:36.109648" elapsed="0.273763">Recursive execution stopped.</status>
</kw>
<status status="FAIL" start="2025-05-20T15:16:36.109648" elapsed="0.273763">Recursive execution stopped.</status>
</kw>
<status status="FAIL" start="2025-05-20T15:16:36.108653" elapsed="0.275798">Recursive execution stopped.</status>
</kw>
<status status="FAIL" start="2025-05-20T15:16:36.101913" elapsed="0.282538">Recursive execution stopped.</status>
</kw>
<status status="FAIL" start="2025-05-20T15:16:36.100916" elapsed="0.284497">Recursive execution stopped.</status>
</kw>
<status status="FAIL" start="2025-05-20T15:16:36.100050" elapsed="0.285363">Recursive execution stopped.</status>
</kw>
<status status="FAIL" start="2025-05-20T15:16:36.097918" elapsed="0.287495">Recursive execution stopped.</status>
</kw>
<status status="FAIL" start="2025-05-20T15:16:36.096921" elapsed="0.289540">Recursive execution stopped.</status>
</kw>
<status status="FAIL" start="2025-05-20T15:16:36.095924" elapsed="0.290537">Recursive execution stopped.</status>
</kw>
<status status="FAIL" start="2025-05-20T15:16:36.094926" elapsed="0.291535">Recursive execution stopped.</status>
</kw>
<status status="FAIL" start="2025-05-20T15:16:36.092932" elapsed="0.293529">Recursive execution stopped.</status>
</kw>
<status status="FAIL" start="2025-05-20T15:16:36.091934" elapsed="0.295521">Recursive execution stopped.</status>
</kw>
<status status="FAIL" start="2025-05-20T15:16:36.089940" elapsed="0.297515">Recursive execution stopped.</status>
</kw>
<status status="FAIL" start="2025-05-20T15:16:36.087944" elapsed="0.300508">Recursive execution stopped.</status>
</kw>
<status status="FAIL" start="2025-05-20T15:16:36.086946" elapsed="0.301506">Recursive execution stopped.</status>
</kw>
<status status="FAIL" start="2025-05-20T15:16:36.085952" elapsed="0.302500">Recursive execution stopped.</status>
</kw>
<status status="FAIL" start="2025-05-20T15:16:36.083963" elapsed="0.304489">Recursive execution stopped.</status>
</kw>
<status status="FAIL" start="2025-05-20T15:16:36.082958" elapsed="0.306490">Recursive execution stopped.</status>
</kw>
<status status="FAIL" start="2025-05-20T15:16:36.082013" elapsed="0.307435">Recursive execution stopped.</status>
</kw>
<status status="FAIL" start="2025-05-20T15:16:36.081012" elapsed="0.308436">Recursive execution stopped.</status>
</kw>
<status status="FAIL" start="2025-05-20T15:16:36.080020" elapsed="0.309428">Recursive execution stopped.</status>
</kw>
<status status="FAIL" start="2025-05-20T15:16:36.078020" elapsed="0.312423">Recursive execution stopped.</status>
</kw>
<status status="FAIL" start="2025-05-20T15:16:36.077019" elapsed="0.313424">Recursive execution stopped.</status>
</kw>
<status status="FAIL" start="2025-05-20T15:16:36.076022" elapsed="0.314421">Recursive execution stopped.</status>
</kw>
<status status="FAIL" start="2025-05-20T15:16:36.076022" elapsed="0.315421">Recursive execution stopped.</status>
</kw>
<status status="FAIL" start="2025-05-20T15:16:36.073980" elapsed="0.317463">Recursive execution stopped.</status>
</kw>
<status status="FAIL" start="2025-05-20T15:16:36.073029" elapsed="0.318414">Recursive execution stopped.</status>
</kw>
<status status="FAIL" start="2025-05-20T15:16:36.069992" elapsed="0.322453">Recursive execution stopped.</status>
</kw>
<status status="FAIL" start="2025-05-20T15:16:36.068997" elapsed="0.323448">Recursive execution stopped.</status>
</kw>
<status status="FAIL" start="2025-05-20T15:16:36.067509" elapsed="0.324936">Recursive execution stopped.</status>
</kw>
<status status="FAIL" start="2025-05-20T15:16:36.065007" elapsed="0.328382">Recursive execution stopped.</status>
</kw>
<status status="FAIL" start="2025-05-20T15:16:36.064010" elapsed="0.329379">Recursive execution stopped.</status>
</kw>
<status status="FAIL" start="2025-05-20T15:16:36.062407" elapsed="0.331314">Recursive execution stopped.</status>
</kw>
<status status="FAIL" start="2025-05-20T15:16:36.061410" elapsed="0.332311">Recursive execution stopped.</status>
</kw>
<status status="FAIL" start="2025-05-20T15:16:36.060414" elapsed="0.333307">Recursive execution stopped.</status>
</kw>
<status status="FAIL" start="2025-05-20T15:16:36.058419" elapsed="0.336015">Recursive execution stopped.</status>
</kw>
<status status="FAIL" start="2025-05-20T15:16:36.057428" elapsed="0.337006">Recursive execution stopped.</status>
</kw>
<status status="FAIL" start="2025-05-20T15:16:36.056430" elapsed="0.338004">Recursive execution stopped.</status>
</kw>
<arg>Close Browser</arg>
<doc>Runs the given keyword with the given arguments and ignores possible error.</doc>
<status status="PASS" start="2025-05-20T15:16:36.055434" elapsed="0.339000"/>
</kw>
<doc>Tests for product search functionality</doc>
<status status="PASS" start="2025-05-20T15:13:38.012271" elapsed="178.382163"/>
</suite>
<statistics>
<total>
<stat pass="1" fail="0" skip="0">All Tests</stat>
</total>
<tag>
<stat pass="1" fail="0" skip="0">check_by_image</stat>
</tag>
<suite>
<stat name="Test Product Search" id="s1" pass="1" fail="0" skip="0">Test Product Search</stat>
</suite>
</statistics>
<errors>
<msg time="2025-05-20T15:15:04.771770" level="WARN">Exception managing chrome: error sending request for url (https://googlechromelabs.github.io/chrome-for-testing/known-good-versions-with-downloads.json)</msg>
</errors>
</robot>
