<?xml version="1.0" encoding="UTF-8"?>
<robot generator="Robot 7.2.2 (Python 3.12.6 on win32)" generated="2025-05-20T18:02:52.781247" rpa="false" schemaversion="5">
<suite id="s1" name="Test Product Search" source="C:\Users\User\PycharmProjects\assignmentRobotFramework\tests\test_product_search.robot">
<kw name="Open Browser To Home Page" owner="common" type="SETUP">
<kw name="Open Browser" owner="SeleniumLibrary">
<msg time="2025-05-20T18:02:53.554132" level="INFO">Opening browser 'Chrome' to base url 'https://practicesoftwaretesting.com'.</msg>
<msg time="2025-05-20T18:04:19.310232" level="WARN">Exception managing chrome: error sending request for url (https://googlechromelabs.github.io/chrome-for-testing/known-good-versions-with-downloads.json)</msg>
<arg>${BASE_URL}</arg>
<arg>${BROWSER}</arg>
<doc>Opens a new browser instance to the optional ``url``.</doc>
<status status="PASS" start="2025-05-20T18:02:53.553134" elapsed="114.056496"/>
</kw>
<kw name="Maximize Browser Window" owner="SeleniumLibrary">
<doc>Maximizes current browser window.</doc>
<status status="PASS" start="2025-05-20T18:04:47.611625" elapsed="0.039894"/>
</kw>
<kw name="Set Selenium Speed" owner="SeleniumLibrary">
<arg>${DELAY}</arg>
<doc>Sets the delay that is waited after each Selenium command.</doc>
<status status="PASS" start="2025-05-20T18:04:47.651519" elapsed="0.000997"/>
</kw>
<status status="PASS" start="2025-05-20T18:02:53.553134" elapsed="114.099382"/>
</kw>
<test id="s1-t1" name="Search for a product By Image and Visual Check" line="17">
<kw name="Enter Search Query By Image" owner="search_page">
<kw name="Set Reference Folder" owner="ImageHorizonLibrary">
<arg>${IMAGE_DIR}</arg>
<doc>Sets where all reference images are stored.</doc>
<status status="PASS" start="2025-05-20T18:04:47.653675" elapsed="0.001832"/>
</kw>
<kw name="Scroll To Reveal Element" owner="search_page">
<kw name="Set Variable" owner="BuiltIn">
<msg time="2025-05-20T18:04:47.656562" level="INFO">${MAX_ATTEMPTS} = 3</msg>
<var>${MAX_ATTEMPTS}</var>
<arg>3</arg>
<doc>Returns the given values which can then be assigned to a variables.</doc>
<status status="PASS" start="2025-05-20T18:04:47.655507" elapsed="0.001055"/>
</kw>
<kw name="Set Variable" owner="BuiltIn">
<msg time="2025-05-20T18:04:47.656562" level="INFO">${SCROLL_PIXELS} = 400</msg>
<var>${SCROLL_PIXELS}</var>
<arg>400</arg>
<doc>Returns the given values which can then be assigned to a variables.</doc>
<status status="PASS" start="2025-05-20T18:04:47.656562" elapsed="0.000000"/>
</kw>
<for flavor="IN RANGE">
<iter>
<kw name="Run Keyword And Return Status" owner="BuiltIn">
<kw name="Wait For" owner="ImageHorizonLibrary">
<msg time="2025-05-20T18:05:04.333203" level="FAIL">ImageNotFoundException</msg>
<arg>${image_name}</arg>
<arg>timeout=3</arg>
<doc>Tries to locate given image from the screen for given time.</doc>
<status status="FAIL" start="2025-05-20T18:04:47.658502" elapsed="16.685709">ImageNotFoundException</status>
</kw>
<msg time="2025-05-20T18:05:04.344211" level="INFO">${found} = False</msg>
<var>${found}</var>
<arg>Wait For</arg>
<arg>${image_name}</arg>
<arg>timeout=3</arg>
<doc>Runs the given keyword with given arguments and returns the status as a Boolean value.</doc>
<status status="PASS" start="2025-05-20T18:04:47.658502" elapsed="16.685709"/>
</kw>
<kw name="Return From Keyword If" owner="BuiltIn">
<arg>${found}</arg>
<doc>Returns from the enclosing user keyword if ``condition`` is true.</doc>
<status status="PASS" start="2025-05-20T18:05:04.345209" elapsed="0.000000"/>
</kw>
<kw name="Execute Javascript" owner="SeleniumLibrary">
<msg time="2025-05-20T18:05:04.347203" level="INFO">Executing JavaScript:
window.scrollBy(0, 400)
Without any arguments.</msg>
<arg>window.scrollBy(0, ${SCROLL_PIXELS})</arg>
<doc>Executes the given JavaScript code with possible arguments.</doc>
<status status="PASS" start="2025-05-20T18:05:04.345209" elapsed="2.015491"/>
</kw>
<kw name="Sleep" owner="BuiltIn">
<msg time="2025-05-20T18:05:07.362103" level="INFO">Slept 1 second.</msg>
<arg>1s</arg>
<doc>Pauses the test executed for the given time.</doc>
<status status="PASS" start="2025-05-20T18:05:06.360700" elapsed="1.001403"/>
</kw>
<var name="${attempt}">0</var>
<status status="PASS" start="2025-05-20T18:04:47.657503" elapsed="19.705758"/>
</iter>
<iter>
<kw name="Run Keyword And Return Status" owner="BuiltIn">
<kw name="Wait For" owner="ImageHorizonLibrary">
<msg time="2025-05-20T18:05:31.654777" level="INFO">Image "inputsearch.png" found at (261, 613)</msg>
<arg>${image_name}</arg>
<arg>timeout=3</arg>
<doc>Tries to locate given image from the screen for given time.</doc>
<status status="PASS" start="2025-05-20T18:05:07.365690" elapsed="24.289087"/>
</kw>
<msg time="2025-05-20T18:05:31.654777" level="INFO">${found} = True</msg>
<var>${found}</var>
<arg>Wait For</arg>
<arg>${image_name}</arg>
<arg>timeout=3</arg>
<doc>Runs the given keyword with given arguments and returns the status as a Boolean value.</doc>
<status status="PASS" start="2025-05-20T18:05:07.364122" elapsed="24.290655"/>
</kw>
<kw name="Return From Keyword If" owner="BuiltIn">
<msg time="2025-05-20T18:05:31.655775" level="INFO">Returning from the enclosing user keyword.</msg>
<arg>${found}</arg>
<doc>Returns from the enclosing user keyword if ``condition`` is true.</doc>
<status status="PASS" start="2025-05-20T18:05:31.655775" elapsed="0.000000"/>
</kw>
<kw name="Execute Javascript" owner="SeleniumLibrary">
<arg>window.scrollBy(0, ${SCROLL_PIXELS})</arg>
<doc>Executes the given JavaScript code with possible arguments.</doc>
<status status="NOT RUN" start="2025-05-20T18:05:31.656772" elapsed="0.000000"/>
</kw>
<kw name="Sleep" owner="BuiltIn">
<arg>1s</arg>
<doc>Pauses the test executed for the given time.</doc>
<status status="NOT RUN" start="2025-05-20T18:05:31.656772" elapsed="0.000000"/>
</kw>
<var name="${attempt}">1</var>
<status status="PASS" start="2025-05-20T18:05:07.364122" elapsed="24.292650"/>
</iter>
<var>${attempt}</var>
<value>${MAX_ATTEMPTS}</value>
<status status="PASS" start="2025-05-20T18:04:47.657503" elapsed="43.999269"/>
</for>
<kw name="Fail" owner="BuiltIn">
<arg>Could not find ${image_name} after scrolling</arg>
<doc>Fails the test with the given message and optionally alters its tags.</doc>
<status status="NOT RUN" start="2025-05-20T18:05:31.657769" elapsed="0.000000"/>
</kw>
<arg>inputsearch.png</arg>
<status status="PASS" start="2025-05-20T18:04:47.655507" elapsed="44.002262"/>
</kw>
<kw name="Wait For" owner="ImageHorizonLibrary">
<msg time="2025-05-20T18:05:50.665177" level="INFO">Image "inputsearch.png" found at (261, 613)</msg>
<arg>inputsearch.png</arg>
<arg>timeout=6</arg>
<doc>Tries to locate given image from the screen for given time.</doc>
<status status="PASS" start="2025-05-20T18:05:31.657769" elapsed="19.007408"/>
</kw>
<kw name="Input Text" owner="SeleniumLibrary">
<msg time="2025-05-20T18:05:50.667172" level="INFO">Typing text 'saw' into text field 'xpath=//input[@data-test='search-query']'.</msg>
<arg>${SEARCH_INPUT}</arg>
<arg>${my_search}</arg>
<doc>Types the given ``text`` into the text field identified by ``locator``.</doc>
<status status="PASS" start="2025-05-20T18:05:50.666174" elapsed="6.226697"/>
</kw>
<arg>saw</arg>
<status status="PASS" start="2025-05-20T18:04:47.653675" elapsed="69.239492"/>
</kw>
<kw name="Click Search Button" owner="search_page">
<kw name="Click Element" owner="SeleniumLibrary">
<msg time="2025-05-20T18:05:56.895872" level="INFO">Clicking element 'xpath=//button[@data-test='search-submit']'.</msg>
<arg>${SEARCH_BUTTON}</arg>
<doc>Click the element identified by ``locator``.</doc>
<status status="PASS" start="2025-05-20T18:05:56.894875" elapsed="4.214891"/>
</kw>
<kw name="Wait Until Element Is Visible" owner="SeleniumLibrary">
<arg>${SEARCH_TITLE}</arg>
<arg>10s</arg>
<doc>Waits until the element ``locator`` is visible.</doc>
<status status="PASS" start="2025-05-20T18:06:01.110815" elapsed="4.075532"/>
</kw>
<status status="PASS" start="2025-05-20T18:05:56.893882" elapsed="8.292465"/>
</kw>
<kw name="Select Item" owner="search_page">
<kw name="Click Element" owner="SeleniumLibrary">
<msg time="2025-05-20T18:06:05.190371" level="INFO">Clicking element 'xpath=//h5[normalize-space()='Wood Saw']'.</msg>
<arg>${SELECTED_ITEM}</arg>
<doc>Click the element identified by ``locator``.</doc>
<status status="PASS" start="2025-05-20T18:06:05.189498" elapsed="4.184658"/>
</kw>
<status status="PASS" start="2025-05-20T18:06:05.188376" elapsed="4.186528"/>
</kw>
<kw name="AddToCart" owner="search_page">
<kw name="Wait Until Element Is Visible" owner="SeleniumLibrary">
<arg>${ADD_TO_CART_BUTTON}</arg>
<arg>5s</arg>
<doc>Waits until the element ``locator`` is visible.</doc>
<status status="PASS" start="2025-05-20T18:06:09.377459" elapsed="4.085221"/>
</kw>
<kw name="Click Element" owner="SeleniumLibrary">
<msg time="2025-05-20T18:06:13.464507" level="INFO">Clicking element 'xpath=//button[@id='btn-add-to-cart']'.</msg>
<arg>${ADD_TO_CART_BUTTON}</arg>
<doc>Click the element identified by ``locator``.</doc>
<status status="PASS" start="2025-05-20T18:06:13.463511" elapsed="4.212271"/>
</kw>
<status status="PASS" start="2025-05-20T18:06:09.376163" elapsed="8.299619"/>
</kw>
<kw name="VerifySuccessAlertMessageByImage" owner="search_page">
<kw name="Set Reference Folder" owner="ImageHorizonLibrary">
<arg>${IMAGE_DIR}</arg>
<doc>Sets where all reference images are stored.</doc>
<status status="PASS" start="2025-05-20T18:06:17.677833" elapsed="0.000997"/>
</kw>
<kw name="Wait Until Element Is Visible" owner="SeleniumLibrary">
<arg>xpath=//div[@role='alert']</arg>
<arg>20s</arg>
<doc>Waits until the element ``locator`` is visible.</doc>
<status status="PASS" start="2025-05-20T18:06:17.679832" elapsed="6.319445"/>
</kw>
<kw name="Capture Page Screenshot" owner="SeleniumLibrary">
<msg time="2025-05-20T18:06:26.330957" level="INFO" html="true">&lt;/td&gt;&lt;/tr&gt;&lt;tr&gt;&lt;td colspan="3"&gt;&lt;a href="toast_message.png"&gt;&lt;img src="toast_message.png" width="800px"&gt;&lt;/a&gt;</msg>
<arg>toast_message.png</arg>
<doc>Takes a screenshot of the current page and embeds it into a log file.</doc>
<status status="PASS" start="2025-05-20T18:06:24.000355" elapsed="2.330602"/>
</kw>
<status status="PASS" start="2025-05-20T18:06:17.676838" elapsed="8.654119"/>
</kw>
<tag>check_by_image</tag>
<status status="PASS" start="2025-05-20T18:04:47.652516" elapsed="98.679427"/>
</test>
<kw name="Run Keyword And Ignore Error" owner="BuiltIn" type="TEARDOWN">
<kw name="Close Browser" owner="common">
<kw name="Close Browser" owner="common">
<kw name="Close Browser" owner="common">
<kw name="Close Browser" owner="common">
<kw name="Close Browser" owner="common">
<kw name="Close Browser" owner="common">
<kw name="Close Browser" owner="common">
<kw name="Close Browser" owner="common">
<kw name="Close Browser" owner="common">
<kw name="Close Browser" owner="common">
<kw name="Close Browser" owner="common">
<kw name="Close Browser" owner="common">
<kw name="Close Browser" owner="common">
<kw name="Close Browser" owner="common">
<kw name="Close Browser" owner="common">
<kw name="Close Browser" owner="common">
<kw name="Close Browser" owner="common">
<kw name="Close Browser" owner="common">
<kw name="Close Browser" owner="common">
<kw name="Close Browser" owner="common">
<kw name="Close Browser" owner="common">
<kw name="Close Browser" owner="common">
<kw name="Close Browser" owner="common">
<kw name="Close Browser" owner="common">
<kw name="Close Browser" owner="common">
<kw name="Close Browser" owner="common">
<kw name="Close Browser" owner="common">
<kw name="Close Browser" owner="common">
<kw name="Close Browser" owner="common">
<kw name="Close Browser" owner="common">
<kw name="Close Browser" owner="common">
<kw name="Close Browser" owner="common">
<kw name="Close Browser" owner="common">
<kw name="Close Browser" owner="common">
<kw name="Close Browser" owner="common">
<kw name="Close Browser" owner="common">
<kw name="Close Browser" owner="common">
<kw name="Close Browser" owner="common">
<kw name="Close Browser" owner="common">
<kw name="Close Browser" owner="common">
<kw name="Close Browser" owner="common">
<kw name="Close Browser" owner="common">
<kw name="Close Browser" owner="common">
<kw name="Close Browser" owner="common">
<kw name="Close Browser" owner="common">
<kw name="Close Browser" owner="common">
<kw name="Close Browser" owner="common">
<kw name="Close Browser" owner="common">
<kw name="Close Browser" owner="common">
<kw name="Close Browser" owner="common">
<kw name="Close Browser" owner="common">
<kw name="Close Browser" owner="common">
<kw name="Close Browser" owner="common">
<kw name="Close Browser" owner="common">
<kw name="Close Browser" owner="common">
<kw name="Close Browser" owner="common">
<kw name="Close Browser" owner="common">
<kw name="Close Browser" owner="common">
<kw name="Close Browser" owner="common">
<kw name="Close Browser" owner="common">
<kw name="Close Browser" owner="common">
<kw name="Close Browser" owner="common">
<kw name="Close Browser" owner="common">
<kw name="Close Browser" owner="common">
<kw name="Close Browser" owner="common">
<kw name="Close Browser" owner="common">
<kw name="Close Browser" owner="common">
<kw name="Close Browser" owner="common">
<kw name="Close Browser" owner="common">
<kw name="Close Browser" owner="common">
<kw name="Close Browser" owner="common">
<kw name="Close Browser" owner="common">
<kw name="Close Browser" owner="common">
<kw name="Close Browser" owner="common">
<kw name="Close Browser" owner="common">
<kw name="Close Browser" owner="common">
<kw name="Close Browser" owner="common">
<kw name="Close Browser" owner="common">
<kw name="Close Browser" owner="common">
<kw name="Close Browser" owner="common">
<kw name="Close Browser" owner="common">
<kw name="Close Browser" owner="common">
<kw name="Close Browser" owner="common">
<kw name="Close Browser" owner="common">
<kw name="Close Browser" owner="common">
<kw name="Close Browser" owner="common">
<kw name="Close Browser" owner="common">
<kw name="Close Browser" owner="common">
<kw name="Close Browser" owner="common">
<kw name="Close Browser" owner="common">
<kw name="Close Browser" owner="common">
<kw name="Close Browser" owner="common">
<kw name="Close Browser" owner="common">
<kw name="Close Browser" owner="common">
<kw name="Close Browser" owner="common">
<kw name="Close Browser" owner="common">
<kw name="Close Browser" owner="common">
<kw name="Close Browser" owner="common">
<kw name="Close Browser" owner="common">
<kw name="Close Browser" owner="common">
<kw name="Close Browser" owner="common">
<kw name="Close Browser" owner="common">
<kw name="Close Browser" owner="common">
<kw name="Close Browser" owner="common">
<kw name="Close Browser" owner="common">
<kw name="Close Browser" owner="common">
<kw name="Close Browser" owner="common">
<kw name="Close Browser" owner="common">
<kw name="Close Browser" owner="common">
<kw name="Close Browser" owner="common">
<kw name="Close Browser" owner="common">
<kw name="Close Browser" owner="common">
<kw name="Close Browser" owner="common">
<kw name="Close Browser" owner="common">
<kw name="Close Browser" owner="common">
<kw name="Close Browser" owner="common">
<kw name="Close Browser" owner="common">
<kw name="Close Browser" owner="common">
<kw name="Close Browser" owner="common">
<kw name="Close Browser" owner="common">
<kw name="Close Browser" owner="common">
<kw name="Close Browser" owner="common">
<kw name="Close Browser" owner="common">
<kw name="Close Browser" owner="common">
<kw name="Close Browser" owner="common">
<kw name="Close Browser" owner="common">
<kw name="Close Browser" owner="common">
<kw name="Close Browser" owner="common">
<kw name="Close Browser" owner="common">
<kw name="Close Browser" owner="common">
<kw name="Close Browser" owner="common">
<kw name="Close Browser" owner="common">
<kw name="Close Browser" owner="common">
<kw name="Close Browser" owner="common">
<kw name="Close Browser" owner="common">
<kw name="Close Browser" owner="common">
<kw name="Close Browser" owner="common">
<kw name="Close Browser" owner="common">
<kw name="Close Browser" owner="common">
<kw name="Close Browser" owner="common">
<kw name="Close Browser" owner="common">
<kw name="Close Browser" owner="common">
<kw name="Close Browser" owner="common">
<kw name="Close Browser" owner="common">
<kw name="Close Browser" owner="common">
<kw name="Close Browser" owner="common">
<msg time="2025-05-20T18:06:26.415729" level="FAIL">Recursive execution stopped.</msg>
<status status="FAIL" start="2025-05-20T18:06:26.414733" elapsed="0.000996">Recursive execution stopped.</status>
</kw>
<status status="FAIL" start="2025-05-20T18:06:26.414733" elapsed="0.001995">Recursive execution stopped.</status>
</kw>
<status status="FAIL" start="2025-05-20T18:06:26.413733" elapsed="0.003991">Recursive execution stopped.</status>
</kw>
<status status="FAIL" start="2025-05-20T18:06:26.413733" elapsed="0.003991">Recursive execution stopped.</status>
</kw>
<status status="FAIL" start="2025-05-20T18:06:26.413733" elapsed="0.005271">Recursive execution stopped.</status>
</kw>
<status status="FAIL" start="2025-05-20T18:06:26.412734" elapsed="0.011971">Recursive execution stopped.</status>
</kw>
<status status="FAIL" start="2025-05-20T18:06:26.412734" elapsed="0.011971">Recursive execution stopped.</status>
</kw>
<status status="FAIL" start="2025-05-20T18:06:26.411736" elapsed="0.013963">Recursive execution stopped.</status>
</kw>
<status status="FAIL" start="2025-05-20T18:06:26.411736" elapsed="0.014965">Recursive execution stopped.</status>
</kw>
<status status="FAIL" start="2025-05-20T18:06:26.410740" elapsed="0.016958">Recursive execution stopped.</status>
</kw>
<status status="FAIL" start="2025-05-20T18:06:26.410740" elapsed="0.016958">Recursive execution stopped.</status>
</kw>
<status status="FAIL" start="2025-05-20T18:06:26.409742" elapsed="0.018955">Recursive execution stopped.</status>
</kw>
<status status="FAIL" start="2025-05-20T18:06:26.409742" elapsed="0.019948">Recursive execution stopped.</status>
</kw>
<status status="FAIL" start="2025-05-20T18:06:26.409742" elapsed="0.019948">Recursive execution stopped.</status>
</kw>
<status status="FAIL" start="2025-05-20T18:06:26.408746" elapsed="0.021939">Recursive execution stopped.</status>
</kw>
<status status="FAIL" start="2025-05-20T18:06:26.408746" elapsed="0.022937">Recursive execution stopped.</status>
</kw>
<status status="FAIL" start="2025-05-20T18:06:26.407748" elapsed="0.023935">Recursive execution stopped.</status>
</kw>
<status status="FAIL" start="2025-05-20T18:06:26.407748" elapsed="0.024940">Recursive execution stopped.</status>
</kw>
<status status="FAIL" start="2025-05-20T18:06:26.407748" elapsed="0.025941">Recursive execution stopped.</status>
</kw>
<status status="FAIL" start="2025-05-20T18:06:26.406738" elapsed="0.034925">Recursive execution stopped.</status>
</kw>
<status status="FAIL" start="2025-05-20T18:06:26.405740" elapsed="0.035923">Recursive execution stopped.</status>
</kw>
<status status="FAIL" start="2025-05-20T18:06:26.405740" elapsed="0.036919">Recursive execution stopped.</status>
</kw>
<status status="FAIL" start="2025-05-20T18:06:26.405740" elapsed="0.037915">Recursive execution stopped.</status>
</kw>
<status status="FAIL" start="2025-05-20T18:06:26.404755" elapsed="0.038900">Recursive execution stopped.</status>
</kw>
<status status="FAIL" start="2025-05-20T18:06:26.404755" elapsed="0.039898">Recursive execution stopped.</status>
</kw>
<status status="FAIL" start="2025-05-20T18:06:26.403965" elapsed="0.041688">Recursive execution stopped.</status>
</kw>
<status status="FAIL" start="2025-05-20T18:06:26.403965" elapsed="0.041688">Recursive execution stopped.</status>
</kw>
<status status="FAIL" start="2025-05-20T18:06:26.402720" elapsed="0.043929">Recursive execution stopped.</status>
</kw>
<status status="FAIL" start="2025-05-20T18:06:26.402720" elapsed="0.044930">Recursive execution stopped.</status>
</kw>
<status status="FAIL" start="2025-05-20T18:06:26.402020" elapsed="0.045630">Recursive execution stopped.</status>
</kw>
<status status="FAIL" start="2025-05-20T18:06:26.402020" elapsed="0.046620">Recursive execution stopped.</status>
</kw>
<status status="FAIL" start="2025-05-20T18:06:26.401774" elapsed="0.047865">Recursive execution stopped.</status>
</kw>
<status status="FAIL" start="2025-05-20T18:06:26.400771" elapsed="0.048868">Recursive execution stopped.</status>
</kw>
<status status="FAIL" start="2025-05-20T18:06:26.400771" elapsed="0.049865">Recursive execution stopped.</status>
</kw>
<status status="FAIL" start="2025-05-20T18:06:26.399772" elapsed="0.051863">Recursive execution stopped.</status>
</kw>
<status status="FAIL" start="2025-05-20T18:06:26.398772" elapsed="0.052863">Recursive execution stopped.</status>
</kw>
<status status="FAIL" start="2025-05-20T18:06:26.398772" elapsed="0.053830">Recursive execution stopped.</status>
</kw>
<status status="FAIL" start="2025-05-20T18:06:26.398772" elapsed="0.054810">Recursive execution stopped.</status>
</kw>
<status status="FAIL" start="2025-05-20T18:06:26.397782" elapsed="0.056798">Recursive execution stopped.</status>
</kw>
<status status="FAIL" start="2025-05-20T18:06:26.397782" elapsed="0.057795">Recursive execution stopped.</status>
</kw>
<status status="FAIL" start="2025-05-20T18:06:26.397782" elapsed="0.057795">Recursive execution stopped.</status>
</kw>
<status status="FAIL" start="2025-05-20T18:06:26.396782" elapsed="0.059837">Recursive execution stopped.</status>
</kw>
<status status="FAIL" start="2025-05-20T18:06:26.396782" elapsed="0.060832">Recursive execution stopped.</status>
</kw>
<status status="FAIL" start="2025-05-20T18:06:26.395788" elapsed="0.061826">Recursive execution stopped.</status>
</kw>
<status status="FAIL" start="2025-05-20T18:06:26.395788" elapsed="0.062823">Recursive execution stopped.</status>
</kw>
<status status="FAIL" start="2025-05-20T18:06:26.395788" elapsed="0.062823">Recursive execution stopped.</status>
</kw>
<status status="FAIL" start="2025-05-20T18:06:26.394786" elapsed="0.064822">Recursive execution stopped.</status>
</kw>
<status status="FAIL" start="2025-05-20T18:06:26.394786" elapsed="0.064822">Recursive execution stopped.</status>
</kw>
<status status="FAIL" start="2025-05-20T18:06:26.393791" elapsed="0.066815">Recursive execution stopped.</status>
</kw>
<status status="FAIL" start="2025-05-20T18:06:26.393791" elapsed="0.067812">Recursive execution stopped.</status>
</kw>
<status status="FAIL" start="2025-05-20T18:06:26.392791" elapsed="0.068812">Recursive execution stopped.</status>
</kw>
<status status="FAIL" start="2025-05-20T18:06:26.392791" elapsed="0.069809">Recursive execution stopped.</status>
</kw>
<status status="FAIL" start="2025-05-20T18:06:26.392791" elapsed="0.069809">Recursive execution stopped.</status>
</kw>
<status status="FAIL" start="2025-05-20T18:06:26.391789" elapsed="0.071809">Recursive execution stopped.</status>
</kw>
<status status="FAIL" start="2025-05-20T18:06:26.391789" elapsed="0.071809">Recursive execution stopped.</status>
</kw>
<status status="FAIL" start="2025-05-20T18:06:26.390791" elapsed="0.073806">Recursive execution stopped.</status>
</kw>
<status status="FAIL" start="2025-05-20T18:06:26.390791" elapsed="0.074811">Recursive execution stopped.</status>
</kw>
<status status="FAIL" start="2025-05-20T18:06:26.389795" elapsed="0.075807">Recursive execution stopped.</status>
</kw>
<status status="FAIL" start="2025-05-20T18:06:26.389795" elapsed="0.076800">Recursive execution stopped.</status>
</kw>
<status status="FAIL" start="2025-05-20T18:06:26.389795" elapsed="0.076800">Recursive execution stopped.</status>
</kw>
<status status="FAIL" start="2025-05-20T18:06:26.388758" elapsed="0.078834">Recursive execution stopped.</status>
</kw>
<status status="FAIL" start="2025-05-20T18:06:26.388758" elapsed="0.078834">Recursive execution stopped.</status>
</kw>
<status status="FAIL" start="2025-05-20T18:06:26.387761" elapsed="0.081142">Recursive execution stopped.</status>
</kw>
<status status="FAIL" start="2025-05-20T18:06:26.386761" elapsed="0.082777">Recursive execution stopped.</status>
</kw>
<status status="FAIL" start="2025-05-20T18:06:26.385814" elapsed="0.084723">Recursive execution stopped.</status>
</kw>
<status status="FAIL" start="2025-05-20T18:06:26.384822" elapsed="0.086345">Recursive execution stopped.</status>
</kw>
<status status="FAIL" start="2025-05-20T18:06:26.384822" elapsed="0.086711">Recursive execution stopped.</status>
</kw>
<status status="FAIL" start="2025-05-20T18:06:26.383823" elapsed="0.088020">Recursive execution stopped.</status>
</kw>
<status status="FAIL" start="2025-05-20T18:06:26.383823" elapsed="0.088707">Recursive execution stopped.</status>
</kw>
<status status="FAIL" start="2025-05-20T18:06:26.382818" elapsed="0.089712">Recursive execution stopped.</status>
</kw>
<status status="FAIL" start="2025-05-20T18:06:26.382818" elapsed="0.089712">Recursive execution stopped.</status>
</kw>
<status status="FAIL" start="2025-05-20T18:06:26.381822" elapsed="0.091705">Recursive execution stopped.</status>
</kw>
<status status="FAIL" start="2025-05-20T18:06:26.381822" elapsed="0.091705">Recursive execution stopped.</status>
</kw>
<status status="FAIL" start="2025-05-20T18:06:26.380828" elapsed="0.093697">Recursive execution stopped.</status>
</kw>
<status status="FAIL" start="2025-05-20T18:06:26.380828" elapsed="0.093697">Recursive execution stopped.</status>
</kw>
<status status="FAIL" start="2025-05-20T18:06:26.379825" elapsed="0.094700">Recursive execution stopped.</status>
</kw>
<status status="FAIL" start="2025-05-20T18:06:26.379825" elapsed="0.095697">Recursive execution stopped.</status>
</kw>
<status status="FAIL" start="2025-05-20T18:06:26.378827" elapsed="0.098689">Recursive execution stopped.</status>
</kw>
<status status="FAIL" start="2025-05-20T18:06:26.377785" elapsed="0.100729">Recursive execution stopped.</status>
</kw>
<status status="FAIL" start="2025-05-20T18:06:26.377785" elapsed="0.100729">Recursive execution stopped.</status>
</kw>
<status status="FAIL" start="2025-05-20T18:06:26.377785" elapsed="0.101727">Recursive execution stopped.</status>
</kw>
<status status="FAIL" start="2025-05-20T18:06:26.376836" elapsed="0.102676">Recursive execution stopped.</status>
</kw>
<status status="FAIL" start="2025-05-20T18:06:26.376836" elapsed="0.103673">Recursive execution stopped.</status>
</kw>
<status status="FAIL" start="2025-05-20T18:06:26.375825" elapsed="0.104684">Recursive execution stopped.</status>
</kw>
<status status="FAIL" start="2025-05-20T18:06:26.375825" elapsed="0.104684">Recursive execution stopped.</status>
</kw>
<status status="FAIL" start="2025-05-20T18:06:26.374829" elapsed="0.106677">Recursive execution stopped.</status>
</kw>
<status status="FAIL" start="2025-05-20T18:06:26.373838" elapsed="0.107668">Recursive execution stopped.</status>
</kw>
<status status="FAIL" start="2025-05-20T18:06:26.373838" elapsed="0.108666">Recursive execution stopped.</status>
</kw>
<status status="FAIL" start="2025-05-20T18:06:26.372800" elapsed="0.109704">Recursive execution stopped.</status>
</kw>
<status status="FAIL" start="2025-05-20T18:06:26.372800" elapsed="0.109704">Recursive execution stopped.</status>
</kw>
<status status="FAIL" start="2025-05-20T18:06:26.371802" elapsed="0.111699">Recursive execution stopped.</status>
</kw>
<status status="FAIL" start="2025-05-20T18:06:26.369808" elapsed="0.117686">Recursive execution stopped.</status>
</kw>
<status status="FAIL" start="2025-05-20T18:06:26.368857" elapsed="0.119679">Recursive execution stopped.</status>
</kw>
<status status="FAIL" start="2025-05-20T18:06:26.367858" elapsed="0.120678">Recursive execution stopped.</status>
</kw>
<status status="FAIL" start="2025-05-20T18:06:26.367858" elapsed="0.121631">Recursive execution stopped.</status>
</kw>
<status status="FAIL" start="2025-05-20T18:06:26.366855" elapsed="0.122634">Recursive execution stopped.</status>
</kw>
<status status="FAIL" start="2025-05-20T18:06:26.366855" elapsed="0.123631">Recursive execution stopped.</status>
</kw>
<status status="FAIL" start="2025-05-20T18:06:26.365854" elapsed="0.124632">Recursive execution stopped.</status>
</kw>
<status status="FAIL" start="2025-05-20T18:06:26.365854" elapsed="0.124632">Recursive execution stopped.</status>
</kw>
<status status="FAIL" start="2025-05-20T18:06:26.364855" elapsed="0.126629">Recursive execution stopped.</status>
</kw>
<status status="FAIL" start="2025-05-20T18:06:26.364855" elapsed="0.126629">Recursive execution stopped.</status>
</kw>
<status status="FAIL" start="2025-05-20T18:06:26.363858" elapsed="0.128623">Recursive execution stopped.</status>
</kw>
<status status="FAIL" start="2025-05-20T18:06:26.363858" elapsed="0.128623">Recursive execution stopped.</status>
</kw>
<status status="FAIL" start="2025-05-20T18:06:26.363858" elapsed="0.128623">Recursive execution stopped.</status>
</kw>
<status status="FAIL" start="2025-05-20T18:06:26.362866" elapsed="0.130612">Recursive execution stopped.</status>
</kw>
<status status="FAIL" start="2025-05-20T18:06:26.361864" elapsed="0.131614">Recursive execution stopped.</status>
</kw>
<status status="FAIL" start="2025-05-20T18:06:26.360867" elapsed="0.133609">Recursive execution stopped.</status>
</kw>
<status status="FAIL" start="2025-05-20T18:06:26.360867" elapsed="0.133609">Recursive execution stopped.</status>
</kw>
<status status="FAIL" start="2025-05-20T18:06:26.359873" elapsed="0.134603">Recursive execution stopped.</status>
</kw>
<status status="FAIL" start="2025-05-20T18:06:26.358887" elapsed="0.136586">Recursive execution stopped.</status>
</kw>
<status status="FAIL" start="2025-05-20T18:06:26.358887" elapsed="0.136586">Recursive execution stopped.</status>
</kw>
<status status="FAIL" start="2025-05-20T18:06:26.355400" elapsed="0.140073">Recursive execution stopped.</status>
</kw>
<status status="FAIL" start="2025-05-20T18:06:26.354889" elapsed="0.141582">Recursive execution stopped.</status>
</kw>
<status status="FAIL" start="2025-05-20T18:06:26.353849" elapsed="0.142622">Recursive execution stopped.</status>
</kw>
<status status="FAIL" start="2025-05-20T18:06:26.352851" elapsed="0.143620">Recursive execution stopped.</status>
</kw>
<status status="FAIL" start="2025-05-20T18:06:26.352851" elapsed="0.144617">Recursive execution stopped.</status>
</kw>
<status status="FAIL" start="2025-05-20T18:06:26.351904" elapsed="0.145564">Recursive execution stopped.</status>
</kw>
<status status="FAIL" start="2025-05-20T18:06:26.351904" elapsed="0.145564">Recursive execution stopped.</status>
</kw>
<status status="FAIL" start="2025-05-20T18:06:26.350911" elapsed="0.147554">Recursive execution stopped.</status>
</kw>
<status status="FAIL" start="2025-05-20T18:06:26.350911" elapsed="0.147554">Recursive execution stopped.</status>
</kw>
<status status="FAIL" start="2025-05-20T18:06:26.349913" elapsed="0.148552">Recursive execution stopped.</status>
</kw>
<status status="FAIL" start="2025-05-20T18:06:26.348942" elapsed="0.150520">Recursive execution stopped.</status>
</kw>
<status status="FAIL" start="2025-05-20T18:06:26.348942" elapsed="0.150520">Recursive execution stopped.</status>
</kw>
<status status="FAIL" start="2025-05-20T18:06:26.347910" elapsed="0.151552">Recursive execution stopped.</status>
</kw>
<status status="FAIL" start="2025-05-20T18:06:26.346914" elapsed="0.153546">Recursive execution stopped.</status>
</kw>
<status status="FAIL" start="2025-05-20T18:06:26.346914" elapsed="0.153546">Recursive execution stopped.</status>
</kw>
<status status="FAIL" start="2025-05-20T18:06:26.346914" elapsed="0.153546">Recursive execution stopped.</status>
</kw>
<status status="FAIL" start="2025-05-20T18:06:26.345917" elapsed="0.155541">Recursive execution stopped.</status>
</kw>
<status status="FAIL" start="2025-05-20T18:06:26.345917" elapsed="0.155541">Recursive execution stopped.</status>
</kw>
<status status="FAIL" start="2025-05-20T18:06:26.344921" elapsed="0.156537">Recursive execution stopped.</status>
</kw>
<status status="FAIL" start="2025-05-20T18:06:26.344921" elapsed="0.157534">Recursive execution stopped.</status>
</kw>
<status status="FAIL" start="2025-05-20T18:06:26.343926" elapsed="0.158942">Recursive execution stopped.</status>
</kw>
<status status="FAIL" start="2025-05-20T18:06:26.343926" elapsed="0.158942">Recursive execution stopped.</status>
</kw>
<status status="FAIL" start="2025-05-20T18:06:26.342928" elapsed="0.160519">Recursive execution stopped.</status>
</kw>
<status status="FAIL" start="2025-05-20T18:06:26.341934" elapsed="0.161513">Recursive execution stopped.</status>
</kw>
<status status="FAIL" start="2025-05-20T18:06:26.340929" elapsed="0.162518">Recursive execution stopped.</status>
</kw>
<status status="FAIL" start="2025-05-20T18:06:26.340929" elapsed="0.163517">Recursive execution stopped.</status>
</kw>
<status status="FAIL" start="2025-05-20T18:06:26.339931" elapsed="0.164515">Recursive execution stopped.</status>
</kw>
<status status="FAIL" start="2025-05-20T18:06:26.338891" elapsed="0.165555">Recursive execution stopped.</status>
</kw>
<status status="FAIL" start="2025-05-20T18:06:26.338891" elapsed="0.165555">Recursive execution stopped.</status>
</kw>
<status status="FAIL" start="2025-05-20T18:06:26.338292" elapsed="0.166154">Recursive execution stopped.</status>
</kw>
<status status="FAIL" start="2025-05-20T18:06:26.337895" elapsed="0.167580">Recursive execution stopped.</status>
</kw>
<status status="FAIL" start="2025-05-20T18:06:26.337006" elapsed="0.168469">Recursive execution stopped.</status>
</kw>
<status status="FAIL" start="2025-05-20T18:06:26.335947" elapsed="0.169528">Recursive execution stopped.</status>
</kw>
<status status="FAIL" start="2025-05-20T18:06:26.334959" elapsed="0.170516">Recursive execution stopped.</status>
</kw>
<status status="FAIL" start="2025-05-20T18:06:26.334959" elapsed="0.171514">Recursive execution stopped.</status>
</kw>
<arg>Close Browser</arg>
<doc>Runs the given keyword with the given arguments and ignores possible error.</doc>
<status status="PASS" start="2025-05-20T18:06:26.333956" elapsed="0.172517"/>
</kw>
<doc>Tests for product search functionality</doc>
<status status="PASS" start="2025-05-20T18:02:52.784615" elapsed="213.721858"/>
</suite>
<statistics>
<total>
<stat pass="1" fail="0" skip="0">All Tests</stat>
</total>
<tag>
<stat pass="1" fail="0" skip="0">check_by_image</stat>
</tag>
<suite>
<stat name="Test Product Search" id="s1" pass="1" fail="0" skip="0">Test Product Search</stat>
</suite>
</statistics>
<errors>
<msg time="2025-05-20T18:04:19.310232" level="WARN">Exception managing chrome: error sending request for url (https://googlechromelabs.github.io/chrome-for-testing/known-good-versions-with-downloads.json)</msg>
</errors>
</robot>
